<?xml version="1.0" encoding="UTF-8"?>
<!-- Generated by org.testng.reporters.JUnitReportReporter -->
<testsuite skipped="0" hostname="ARAVIND" name="testCase.loginTestCase" tests="1" failures="0" timestamp="11 Mar 2021 10:58:14 GMT" time="63.284" errors="0">
  <testcase name="loginpage" time="63.284" classname="testCase.loginTestCase"/>
</testsuite> <!-- testCase.loginTestCase -->
